D:\MY DOCUMENTS\VISUAL STUDIO 2010\PROJECTS\CALENDAR\CALENDAR\DEBUG\CALENDAR.EXE.EMBED.MANIFEST
D:\MY DOCUMENTS\VISUAL STUDIO 2010\PROJECTS\CALENDAR\CALENDAR\DEBUG\CALENDAR.EXE.EMBED.MANIFEST.RES
D:\MY DOCUMENTS\VISUAL STUDIO 2010\PROJECTS\CALENDAR\CALENDAR\DEBUG\CALENDAR.EXE.INTERMEDIATE.MANIFEST
D:\MY DOCUMENTS\VISUAL STUDIO 2010\PROJECTS\CALENDAR\CALENDAR\DEBUG\CALENDAR.OBJ
D:\My Documents\Visual Studio 2010\Projects\Calendar\Calendar\Debug\Calendar_manifest.rc
D:\My Documents\Visual Studio 2010\Projects\Calendar\Calendar\Debug\cl.command.1.tlog
D:\My Documents\Visual Studio 2010\Projects\Calendar\Calendar\Debug\CL.read.1.tlog
D:\My Documents\Visual Studio 2010\Projects\Calendar\Calendar\Debug\CL.write.1.tlog
D:\My Documents\Visual Studio 2010\Projects\Calendar\Calendar\Debug\link.24908.read.1.tlog
D:\My Documents\Visual Studio 2010\Projects\Calendar\Calendar\Debug\link.24908.write.1.tlog
D:\My Documents\Visual Studio 2010\Projects\Calendar\Calendar\Debug\link.24908-cvtres.read.1.tlog
D:\My Documents\Visual Studio 2010\Projects\Calendar\Calendar\Debug\link.24908-cvtres.write.1.tlog
D:\My Documents\Visual Studio 2010\Projects\Calendar\Calendar\Debug\link.command.1.tlog
D:\My Documents\Visual Studio 2010\Projects\Calendar\Calendar\Debug\link.read.1.tlog
D:\My Documents\Visual Studio 2010\Projects\Calendar\Calendar\Debug\link.write.1.tlog
D:\My Documents\Visual Studio 2010\Projects\Calendar\Calendar\Debug\link-cvtres.read.1.tlog
D:\My Documents\Visual Studio 2010\Projects\Calendar\Calendar\Debug\link-cvtres.write.1.tlog
D:\My Documents\Visual Studio 2010\Projects\Calendar\Calendar\Debug\mt.command.1.tlog
D:\My Documents\Visual Studio 2010\Projects\Calendar\Calendar\Debug\mt.read.1.tlog
D:\My Documents\Visual Studio 2010\Projects\Calendar\Calendar\Debug\mt.write.1.tlog
D:\My Documents\Visual Studio 2010\Projects\Calendar\Calendar\Debug\rc.command.1.tlog
D:\My Documents\Visual Studio 2010\Projects\Calendar\Calendar\Debug\rc.read.1.tlog
D:\My Documents\Visual Studio 2010\Projects\Calendar\Calendar\Debug\rc.write.1.tlog
D:\My Documents\Visual Studio 2010\Projects\Calendar\Calendar\Debug\vc100.idb
D:\MY DOCUMENTS\VISUAL STUDIO 2010\PROJECTS\CALENDAR\CALENDAR\DEBUG\VC100.PDB
D:\MY DOCUMENTS\VISUAL STUDIO 2010\PROJECTS\CALENDAR\DEBUG\CALENDAR.EXE
D:\MY DOCUMENTS\VISUAL STUDIO 2010\PROJECTS\CALENDAR\DEBUG\CALENDAR.ILK
D:\MY DOCUMENTS\VISUAL STUDIO 2010\PROJECTS\CALENDAR\DEBUG\CALENDAR.PDB
